Determining if the pthread_create exist failed with the following output:
Change Dir: /home/sohail/catkin_ws/build/CMakeFiles/CMakeTmp

Run Build Command:/usr/bin/make "cmTryCompileExec2509476759/fast"
/usr/bin/make -f CMakeFiles/cmTryCompileExec2509476759.dir/build.make CMakeFiles/cmTryCompileExec2509476759.dir/build
make[1]: Entering directory `/home/sohail/catkin_ws/build/CMakeFiles/CMakeTmp'
/usr/bin/cmake -E cmake_progress_report /home/sohail/catkin_ws/build/CMakeFiles/CMakeTmp/CMakeFiles 1
Building C object CMakeFiles/cmTryCompileExec2509476759.dir/CheckSymbolExists.c.o
/usr/bin/cc    -o CMakeFiles/cmTryCompileExec2509476759.dir/CheckSymbolExists.c.o   -c /home/sohail/catkin_ws/build/CMakeFiles/CMakeTmp/CheckSymbolExists.c
Linking C executable cmTryCompileExec2509476759
/usr/bin/cmake -E cmake_link_script CMakeFiles/cmTryCompileExec2509476759.dir/link.txt --verbose=1
/usr/bin/cc       CMakeFiles/cmTryCompileExec2509476759.dir/CheckSymbolExists.c.o  -o cmTryCompileExec2509476759 -rdynamic 
CMakeFiles/cmTryCompileExec2509476759.dir/CheckSymbolExists.c.o: In function `main':
CheckSymbolExists.c:(.text+0x16): undefined reference to `pthread_create'
collect2: error: ld returned 1 exit status
make[1]: Leaving directory `/home/sohail/catkin_ws/build/CMakeFiles/CMakeTmp'
make[1]: *** [cmTryCompileExec2509476759] Error 1
make: *** [cmTryCompileExec2509476759/fast] Error 2

File /home/sohail/catkin_ws/build/CMakeFiles/CMakeTmp/CheckSymbolExists.c:
/* */
#include <pthread.h>

int main(int argc, char** argv)
{
  (void)argv;
#ifndef pthread_create
  return ((int*)(&pthread_create))[argc];
#else
  (void)argc;
  return 0;
#endif
}

Determining if the function pthread_create exists in the pthreads failed with the following output:
Change Dir: /home/sohail/catkin_ws/build/CMakeFiles/CMakeTmp

Run Build Command:/usr/bin/make "cmTryCompileExec4290436279/fast"
/usr/bin/make -f CMakeFiles/cmTryCompileExec4290436279.dir/build.make CMakeFiles/cmTryCompileExec4290436279.dir/build
make[1]: Entering directory `/home/sohail/catkin_ws/build/CMakeFiles/CMakeTmp'
/usr/bin/cmake -E cmake_progress_report /home/sohail/catkin_ws/build/CMakeFiles/CMakeTmp/CMakeFiles 1
Building C object CMakeFiles/cmTryCompileExec4290436279.dir/CheckFunctionExists.c.o
/usr/bin/cc   -DCHECK_FUNCTION_EXISTS=pthread_create   -o CMakeFiles/cmTryCompileExec4290436279.dir/CheckFunctionExists.c.o   -c /usr/share/cmake-2.8/Modules/CheckFunctionExists.c
Linking C executable cmTryCompileExec4290436279
/usr/bin/cmake -E cmake_link_script CMakeFiles/cmTryCompileExec4290436279.dir/link.txt --verbose=1
/usr/bin/cc   -DCHECK_FUNCTION_EXISTS=pthread_create    CMakeFiles/cmTryCompileExec4290436279.dir/CheckFunctionExists.c.o  -o cmTryCompileExec4290436279 -rdynamic -lpthreads 
/usr/bin/ld: cannot find -lpthreads
collect2: error: ld returned 1 exit status
make[1]: Leaving directory `/home/sohail/catkin_ws/build/CMakeFiles/CMakeTmp'
make[1]: *** [cmTryCompileExec4290436279] Error 1
make: *** [cmTryCompileExec4290436279/fast] Error 2


